# JRE version: OpenJDK Runtime Environment (8.0_152-b01) (build 1.8.0_152-release-1248-b01)
# Java VM: OpenJDK 64-Bit Server VM (25.152-b01 mixed mode windows-amd64 compressed oops)
Heap:
 PSYoungGen      total 315904K, used 27792K [0x00000000e0000000, 0x00000000f8c00000, 0x0000000100000000)
  eden space 293376K, 1% used [0x00000000e0000000,0x00000000e0529338,0x00000000f1e80000)
  from space 22528K, 99% used [0x00000000f1e80000,0x00000000f347ad50,0x00000000f3480000)
  to   space 29696K, 0% used [0x00000000f6f00000,0x00000000f6f00000,0x00000000f8c00000)
 ParOldGen       total 76288K, used 48296K [0x00000000a0000000, 0x00000000a4a80000, 0x00000000e0000000)
  object space 76288K, 63% used [0x00000000a0000000,0x00000000a2f2a108,0x00000000a4a80000)
 Metaspace       used 72422K, capacity 74692K, committed 74904K, reserved 1114112K
  class space    used 9321K, capacity 9894K, committed 9896K, reserved 1048576K
GC Heap History (10 events):
Event: 59.795 GC heap before
{Heap before GC invocations=16 (full 2):
 PSYoungGen      total 196096K, used 23463K [0x00000000e0000000, 0x00000000f0380000, 0x0000000100000000)
  eden space 183808K, 6% used [0x00000000e0000000,0x00000000e0af1cb0,0x00000000eb380000)
  from space 12288K, 99% used [0x00000000eb380000,0x00000000ebf78240,0x00000000ebf80000)
  to   space 18432K, 0% used [0x00000000ef180000,0x00000000ef180000,0x00000000f0380000)
 ParOldGen       total 56320K, used 34293K [0x00000000a0000000, 0x00000000a3700000, 0x00000000e0000000)
  object space 56320K, 60% used [0x00000000a0000000,0x00000000a217d620,0x00000000a3700000)
 Metaspace       used 57786K, capacity 59082K, committed 59160K, reserved 1099776K
  class space    used 7569K, capacity 7971K, committed 7976K, reserved 1048576K
Event: 59.841 GC heap after
Heap after GC invocations=16 (full 2):
 PSYoungGen      total 246272K, used 12742K [0x00000000e0000000, 0x00000000f1380000, 0x0000000100000000)
  eden space 227840K, 0% used [0x00000000e0000000,0x00000000e0000000,0x00000000ede80000)
  from space 18432K, 69% used [0x00000000ef180000,0x00000000efdf18c0,0x00000000f0380000)
  to   space 19456K, 0% used [0x00000000ede80000,0x00000000ede80000,0x00000000ef180000)
 ParOldGen       total 56320K, used 34970K [0x00000000a0000000, 0x00000000a3700000, 0x00000000e0000000)
  object space 56320K, 62% used [0x00000000a0000000,0x00000000a22269e8,0x00000000a3700000)
 Metaspace       used 57786K, capacity 59082K, committed 59160K, reserved 1099776K
  class space    used 7569K, capacity 7971K, committed 7976K, reserved 1048576K
}
Event: 59.842 GC heap before
{Heap before GC invocations=17 (full 3):
 PSYoungGen      total 246272K, used 12742K [0x00000000e0000000, 0x00000000f1380000, 0x0000000100000000)
  eden space 227840K, 0% used [0x00000000e0000000,0x00000000e0000000,0x00000000ede80000)
  from space 18432K, 69% used [0x00000000ef180000,0x00000000efdf18c0,0x00000000f0380000)
  to   space 19456K, 0% used [0x00000000ede80000,0x00000000ede80000,0x00000000ef180000)
 ParOldGen       total 56320K, used 34970K [0x00000000a0000000, 0x00000000a3700000, 0x00000000e0000000)
  object space 56320K, 62% used [0x00000000a0000000,0x00000000a22269e8,0x00000000a3700000)
 Metaspace       used 57786K, capacity 59082K, committed 59160K, reserved 1099776K
  class space    used 7569K, capacity 7971K, committed 7976K, reserved 1048576K
Event: 60.323 GC heap after
Heap after GC invocations=17 (full 3):
 PSYoungGen      total 246272K, used 0K [0x00000000e0000000, 0x00000000f1380000, 0x0000000100000000)
  eden space 227840K, 0% used [0x00000000e0000000,0x00000000e0000000,0x00000000ede80000)
  from space 18432K, 0% used [0x00000000ef180000,0x00000000ef180000,0x00000000f0380000)
  to   space 19456K, 0% used [0x00000000ede80000,0x00000000ede80000,0x00000000ef180000)
 ParOldGen       total 76288K, used 30440K [0x00000000a0000000, 0x00000000a4a80000, 0x00000000e0000000)
  object space 76288K, 39% used [0x00000000a0000000,0x00000000a1dba010,0x00000000a4a80000)
 Metaspace       used 57744K, capacity 58968K, committed 59160K, reserved 1099776K
  class space    used 7556K, capacity 7955K, committed 7976K, reserved 1048576K
}
Event: 83.771 GC heap before
{Heap before GC invocations=18 (full 3):
 PSYoungGen      total 246272K, used 227840K [0x00000000e0000000, 0x00000000f1380000, 0x0000000100000000)
  eden space 227840K, 100% used [0x00000000e0000000,0x00000000ede80000,0x00000000ede80000)
  from space 18432K, 0% used [0x00000000ef180000,0x00000000ef180000,0x00000000f0380000)
  to   space 19456K, 0% used [0x00000000ede80000,0x00000000ede80000,0x00000000ef180000)
 ParOldGen       total 76288K, used 30440K [0x00000000a0000000, 0x00000000a4a80000, 0x00000000e0000000)
  object space 76288K, 39% used [0x00000000a0000000,0x00000000a1dba010,0x00000000a4a80000)
 Metaspace       used 66667K, capacity 68406K, committed 68632K, reserved 1107968K
  class space    used 8920K, capacity 9393K, committed 9512K, reserved 1048576K
Event: 83.826 GC heap after
Heap after GC invocations=18 (full 3):
 PSYoungGen      total 247296K, used 16622K [0x00000000e0000000, 0x00000000f5000000, 0x0000000100000000)
  eden space 227840K, 0% used [0x00000000e0000000,0x00000000e0000000,0x00000000ede80000)
  from space 19456K, 85% used [0x00000000ede80000,0x00000000eeebb908,0x00000000ef180000)
  to   space 22016K, 0% used [0x00000000f3a80000,0x00000000f3a80000,0x00000000f5000000)
 ParOldGen       total 76288K, used 30448K [0x00000000a0000000, 0x00000000a4a80000, 0x00000000e0000000)
  object space 76288K, 39% used [0x00000000a0000000,0x00000000a1dbc010,0x00000000a4a80000)
 Metaspace       used 66667K, capacity 68406K, committed 68632K, reserved 1107968K
  class space    used 8920K, capacity 9393K, committed 9512K, reserved 1048576K
}
Event: 104.762 GC heap before
{Heap before GC invocations=19 (full 3):
 PSYoungGen      total 247296K, used 244462K [0x00000000e0000000, 0x00000000f5000000, 0x0000000100000000)
  eden space 227840K, 100% used [0x00000000e0000000,0x00000000ede80000,0x00000000ede80000)
  from space 19456K, 85% used [0x00000000ede80000,0x00000000eeebb908,0x00000000ef180000)
  to   space 22016K, 0% used [0x00000000f3a80000,0x00000000f3a80000,0x00000000f5000000)
 ParOldGen       total 76288K, used 30448K [0x00000000a0000000, 0x00000000a4a80000, 0x00000000e0000000)
  object space 76288K, 39% used [0x00000000a0000000,0x00000000a1dbc010,0x00000000a4a80000)
 Metaspace       used 68283K, capacity 70100K, committed 70168K, reserved 1110016K
  class space    used 9023K, capacity 9482K, committed 9512K, reserved 1048576K
Event: 104.911 GC heap after
Heap after GC invocations=19 (full 3):
 PSYoungGen      total 309760K, used 13793K [0x00000000e0000000, 0x00000000f4a80000, 0x0000000100000000)
  eden space 293376K, 0% used [0x00000000e0000000,0x00000000e0000000,0x00000000f1e80000)
  from space 16384K, 84% used [0x00000000f3a80000,0x00000000f47f8540,0x00000000f4a80000)
  to   space 22528K, 0% used [0x00000000f1e80000,0x00000000f1e80000,0x00000000f3480000)
 ParOldGen       total 76288K, used 38924K [0x00000000a0000000, 0x00000000a4a80000, 0x00000000e0000000)
  object space 76288K, 51% used [0x00000000a0000000,0x00000000a2603148,0x00000000a4a80000)
 Metaspace       used 68283K, capacity 70100K, committed 70168K, reserved 1110016K
  class space    used 9023K, capacity 9482K, committed 9512K, reserved 1048576K
}
Event: 215.311 GC heap before
{Heap before GC invocations=20 (full 3):
 PSYoungGen      total 309760K, used 307169K [0x00000000e0000000, 0x00000000f4a80000, 0x0000000100000000)
  eden space 293376K, 100% used [0x00000000e0000000,0x00000000f1e80000,0x00000000f1e80000)
  from space 16384K, 84% used [0x00000000f3a80000,0x00000000f47f8540,0x00000000f4a80000)
  to   space 22528K, 0% used [0x00000000f1e80000,0x00000000f1e80000,0x00000000f3480000)
 ParOldGen       total 76288K, used 38924K [0x00000000a0000000, 0x00000000a4a80000, 0x00000000e0000000)
  object space 76288K, 51% used [0x00000000a0000000,0x00000000a2603148,0x00000000a4a80000)
 Metaspace       used 72419K, capacity 74692K, committed 74904K, reserved 1114112K
  class space    used 9321K, capacity 9894K, committed 9896K, reserved 1048576K
Event: 216.578 GC heap after
Heap after GC invocations=20 (full 3):
 PSYoungGen      total 315904K, used 22507K [0x00000000e0000000, 0x00000000f8c00000, 0x0000000100000000)
  eden space 293376K, 0% used [0x00000000e0000000,0x00000000e0000000,0x00000000f1e80000)
  from space 22528K, 99% used [0x00000000f1e80000,0x00000000f347ad50,0x00000000f3480000)
  to   space 29696K, 0% used [0x00000000f6f00000,0x00000000f6f00000,0x00000000f8c00000)
 ParOldGen       total 76288K, used 48296K [0x00000000a0000000, 0x00000000a4a80000, 0x00000000e0000000)
  object space 76288K, 63% used [0x00000000a0000000,0x00000000a2f2a108,0x00000000a4a80000)
 Metaspace       used 72419K, capacity 74692K, committed 74904K, reserved 1114112K
  class space    used 9321K, capacity 9894K, committed 9896K, reserved 1048576K
}

